[debug] [2018-07-12T02:10:07.647Z] ----------------------------------------------------------------------
[debug] [2018-07-12T02:10:07.650Z] Command:       C:\Program Files\nodejs\node.exe C:\Users\Dalton\AppData\Roaming\npm\node_modules\firebase-tools\bin\firebase serve
[debug] [2018-07-12T02:10:07.651Z] CLI Version:   3.19.1
[debug] [2018-07-12T02:10:07.651Z] Platform:      win32
[debug] [2018-07-12T02:10:07.651Z] Node Version:  v8.9.3
[debug] [2018-07-12T02:10:07.652Z] Time:          Wed Jul 11 2018 19:10:07 GMT-0700 (Pacific Daylight Time)
[debug] [2018-07-12T02:10:07.652Z] ----------------------------------------------------------------------
[debug] 
[debug] [2018-07-12T02:10:07.662Z] > command requires scopes: ["email","openid","https://www.googleapis.com/auth/cloudplatformprojects.readonly","https://www.googleapis.com/auth/firebase","https://www.googleapis.com/auth/cloud-platform"]
[debug] [2018-07-12T02:10:07.662Z] > authorizing via signed-in user
[debug] [2018-07-12T02:10:07.664Z] > refreshing access token with scopes: ["email","https://www.googleapis.com/auth/cloud-platform","https://www.googleapis.com/auth/cloudplatformprojects.readonly","https://www.googleapis.com/auth/firebase","openid"]
[debug] [2018-07-12T02:10:07.664Z] >>> HTTP REQUEST POST https://www.googleapis.com/oauth2/v3/token  
 { refresh_token: '1/Ei7z9Rp1CzLZqQbKIWHdWCF3FCvk7ynWMbGx4PN0DLw',
  client_id: '563584335869-fgrhgmd47bqnekij5i8b5pr03ho849e6.apps.googleusercontent.com',
  client_secret: 'j9iVZfS8kkCEFUPaAeJV0sAi',
  grant_type: 'refresh_token',
  scope: 'email https://www.googleapis.com/auth/cloud-platform https://www.googleapis.com/auth/cloudplatformprojects.readonly https://www.googleapis.com/auth/firebase openid' } 
 Wed Jul 11 2018 19:10:07 GMT-0700 (Pacific Daylight Time)
[debug] [2018-07-12T02:10:07.779Z] <<< HTTP RESPONSE 200
[debug] [2018-07-12T02:10:07.784Z] >>> HTTP REQUEST GET https://admin.firebase.com/v1/projects/forest-in-california  
  
 Wed Jul 11 2018 19:10:07 GMT-0700 (Pacific Daylight Time)
[debug] [2018-07-12T02:10:08.157Z] <<< HTTP RESPONSE 200
[debug] [2018-07-12T02:10:08.157Z] >>> HTTP REQUEST GET https://admin.firebase.com/v1/database/forest-in-california/tokens  
  
 Wed Jul 11 2018 19:10:08 GMT-0700 (Pacific Daylight Time)
[debug] [2018-07-12T02:10:08.717Z] <<< HTTP RESPONSE 200
[debug] [2018-07-12T02:10:08.718Z] >>> HTTP REQUEST GET https://cloudresourcemanager.googleapis.com/v1/projects/forest-in-california  
  
 Wed Jul 11 2018 19:10:08 GMT-0700 (Pacific Daylight Time)
[debug] [2018-07-12T02:10:09.299Z] <<< HTTP RESPONSE 200
[info] 
[info] === Serving from 'E:\Stuff\Documents\GitHub\FixedInternationCalendar'...
[info] 
[debug] [2018-07-12T02:10:09.303Z] >>> HTTP REQUEST GET https://mobilesdk-pa.googleapis.com/v1/projects/1059018991710/clients/_:getWebAppConfig  
  
 Wed Jul 11 2018 19:10:09 GMT-0700 (Pacific Daylight Time)
[debug] [2018-07-12T02:10:09.543Z] <<< HTTP RESPONSE 200
[info] i  hosting: Serving hosting files from: public
[info] +  hosting: Local server: http://localhost:5000

